<?xml version="1.0" encoding="UTF-8"?>
<testng-results skipped="0" failed="0" ignored="0" total="1" passed="1">
  <reporter-output>
  </reporter-output>
  <suite name="Default suite" duration-ms="13817" started-at="2023-01-29T15:02:14Z" finished-at="2023-01-29T15:02:28Z">
    <groups>
    </groups>
    <test name="Default test" duration-ms="13817" started-at="2023-01-29T15:02:14Z" finished-at="2023-01-29T15:02:28Z">
      <class name="loginTest">
        <test-method status="PASS" signature="setup()[pri:0, instance:loginTest@1f28c152]" name="setup" is-config="true" duration-ms="12048" started-at="2023-01-29T15:02:14Z" finished-at="2023-01-29T15:02:26Z">
          <reporter-output>
          </reporter-output>
        </test-method> <!-- setup -->
        <test-method status="PASS" signature="logintest()[pri:0, instance:loginTest@1f28c152]" name="logintest" duration-ms="866" started-at="2023-01-29T15:02:26Z" finished-at="2023-01-29T15:02:27Z">
          <reporter-output>
          </reporter-output>
        </test-method> <!-- logintest -->
        <test-method status="PASS" signature="teardown()[pri:0, instance:loginTest@1f28c152]" name="teardown" is-config="true" duration-ms="848" started-at="2023-01-29T15:02:27Z" finished-at="2023-01-29T15:02:28Z">
          <reporter-output>
          </reporter-output>
        </test-method> <!-- teardown -->
      </class> <!-- loginTest -->
    </test> <!-- Default test -->
  </suite> <!-- Default suite -->
</testng-results>
